<?xml version="1.0" encoding="UTF-8"?>
<testsuites name="Mocha Tests" time="6.701" tests="8" failures="0">
  <testsuite name="" timestamp="2023-11-22T21:32:34" tests="0" file="cypress/e2e/2-advanced-examples/connectors.cy.js" time="0.000" failures="0">
  </testsuite>
  <testsuite name="Root Suite.Connectors" timestamp="2023-11-22T21:32:34" tests="4" time="0.000" failures="0">
    <testcase name=".each() - iterate over an array of elements" time="2.523" classname="Connectors">
    </testcase>
    <testcase name=".its() - get properties on the current subject" time="0.311" classname="Connectors">
    </testcase>
    <testcase name=".invoke() - invoke a function on the current subject" time="0.255" classname="Connectors">
    </testcase>
    <testcase name=".spread() - spread an array as individual args to callback function" time="0.257" classname="Connectors">
    </testcase>
  </testsuite>
  <testsuite name="Root Suite.Connectors..then()" timestamp="2023-11-22T21:32:40" tests="4" time="1.385" failures="0">
    <testcase name="invokes a callback function with the current subject" time="0.260" classname="Connectors..then()">
    </testcase>
    <testcase name="yields the returned value to the next command" time="0.295" classname="Connectors..then()">
    </testcase>
    <testcase name="yields the original subject without return" time="0.382" classname="Connectors..then()">
    </testcase>
    <testcase name="yields the value yielded by the last Cypress command inside" time="0.336" classname="Connectors..then()">
    </testcase>
  </testsuite>
</testsuites>